build/app/intermediates/manifest_merge_blame_file/debug/processDebugMainManifest/manifest-merger-blame-debug-report.txt
1<?xml version="1.0" encoding="utf-8"?>
2<manifest xmlns:android="http://schemas.android.com/apk/res/android"
3    package="fr.junade.hex_haven"
4    android:versionCode="1"
5    android:versionName="1.0.0" >
6
7    <uses-sdk
8        android:minSdkVersion="24"
9        android:targetSdkVersion="36" />
10    <!--
11         The INTERNET permission is required for development. Specifically,
12         the Flutter tool needs it to communicate with the running application
13         to allow setting breakpoints, to provide hot reload, etc.
14    -->
15    <uses-permission android:name="android.permission.INTERNET" />
15-->src/main/AndroidManifest.xml:5:5-66
15-->src/main/AndroidManifest.xml:5:22-64
16    <!--
17     Required to query activities that can process text, see:
18         https://developer.android.com/training/package-visibility and
19         https://developer.android.com/reference/android/content/Intent#ACTION_PROCESS_TEXT.
20
21         In particular, this is used by the Flutter engine in io.flutter.plugin.text.ProcessTextPlugin.
22    -->
23    <queries>
23-->src/main/AndroidManifest.xml:51:5-56:15
24        <intent>
24-->src/main/AndroidManifest.xml:52:9-55:18
25            <action android:name="android.intent.action.PROCESS_TEXT" />
25-->src/main/AndroidManifest.xml:53:13-72
25-->src/main/AndroidManifest.xml:53:21-70
26
27            <data android:mimeType="text/plain" />
27-->src/main/AndroidManifest.xml:54:13-50
27-->src/main/AndroidManifest.xml:54:19-48
28        </intent>
29
30        <package android:name="com.google.android.gms" />
30-->[com.google.android.gms:play-services-games-v2:21.0.0] AndroidManifest.xml:8:9-58
30-->[com.google.android.gms:play-services-games-v2:21.0.0] AndroidManifest.xml:8:18-55
31        <package android:name="com.android.vending" />
31-->[com.google.android.gms:play-services-games-v2:21.0.0] AndroidManifest.xml:9:9-55
31-->[com.google.android.gms:play-services-games-v2:21.0.0] AndroidManifest.xml:9:18-52
32
33        <intent>
33-->[com.android.billingclient:billing:8.0.0] AndroidManifest.xml:13:9-15:18
34            <action android:name="com.android.vending.billing.InAppBillingService.BIND" />
34-->[com.android.billingclient:billing:8.0.0] AndroidManifest.xml:14:13-91
34-->[com.android.billingclient:billing:8.0.0] AndroidManifest.xml:14:21-88
35        </intent>
36        <intent>
36-->[com.android.billingclient:billing:8.0.0] AndroidManifest.xml:16:9-18:18
37            <action android:name="com.google.android.apps.play.billingtestcompanion.BillingOverrideService.BIND" />
37-->[com.android.billingclient:billing:8.0.0] AndroidManifest.xml:17:13-116
37-->[com.android.billingclient:billing:8.0.0] AndroidManifest.xml:17:21-113
38        </intent> <!-- For browser content -->
39        <intent>
39-->[com.google.android.gms:play-services-ads-api:25.3.0] AndroidManifest.xml:38:9-44:18
40            <action android:name="android.intent.action.VIEW" />
40-->[com.google.android.gms:play-services-ads-api:25.3.0] AndroidManifest.xml:39:13-65
40-->[com.google.android.gms:play-services-ads-api:25.3.0] AndroidManifest.xml:39:21-62
41
42            <category android:name="android.intent.category.BROWSABLE" />
42-->[com.google.android.gms:play-services-ads-api:25.3.0] AndroidManifest.xml:41:13-74
42-->[com.google.android.gms:play-services-ads-api:25.3.0] AndroidManifest.xml:41:23-71
43
44            <data android:scheme="https" />
44-->src/main/AndroidManifest.xml:54:13-50
45        </intent> <!-- End of browser content -->
46        <!-- For CustomTabsService -->
47        <intent>
47-->[com.google.android.gms:play-services-ads-api:25.3.0] AndroidManifest.xml:47:9-49:18
48            <action android:name="android.support.customtabs.action.CustomTabsService" />
48-->[com.google.android.gms:play-services-ads-api:25.3.0] AndroidManifest.xml:48:13-90
48-->[com.google.android.gms:play-services-ads-api:25.3.0] AndroidManifest.xml:48:21-87
49        </intent> <!-- End of CustomTabsService -->
50        <!-- For MRAID capabilities -->
51        <intent>
51-->[com.google.android.gms:play-services-ads-api:25.3.0] AndroidManifest.xml:52:9-56:18
52            <action android:name="android.intent.action.INSERT" />
52-->[com.google.android.gms:play-services-ads-api:25.3.0] AndroidManifest.xml:53:13-67
52-->[com.google.android.gms:play-services-ads-api:25.3.0] AndroidManifest.xml:53:21-64
53
54            <data android:mimeType="vnd.android.cursor.dir/event" />
54-->src/main/AndroidManifest.xml:54:13-50
54-->src/main/AndroidManifest.xml:54:19-48
55        </intent>
56        <intent>
56-->[com.google.android.gms:play-services-ads-api:25.3.0] AndroidManifest.xml:57:9-61:18
57            <action android:name="android.intent.action.VIEW" />
57-->[com.google.android.gms:play-services-ads-api:25.3.0] AndroidManifest.xml:39:13-65
57-->[com.google.android.gms:play-services-ads-api:25.3.0] AndroidManifest.xml:39:21-62
58
59            <data android:scheme="sms" />
59-->src/main/AndroidManifest.xml:54:13-50
60        </intent>
61        <intent>
61-->[com.google.android.gms:play-services-ads-api:25.3.0] AndroidManifest.xml:62:9-66:18
62            <action android:name="android.intent.action.DIAL" />
62-->[com.google.android.gms:play-services-ads-api:25.3.0] AndroidManifest.xml:63:13-65
62-->[com.google.android.gms:play-services-ads-api:25.3.0] AndroidManifest.xml:63:21-62
63
64            <data android:path="tel:" />
64-->src/main/AndroidManifest.xml:54:13-50
65        </intent>
66    </queries>
67
68    <uses-permission android:name="android.permission.ACCESS_NETWORK_STATE" />
68-->[:firebase_analytics] AndroidManifest.xml:7:5-79
68-->[:firebase_analytics] AndroidManifest.xml:7:22-76
69    <uses-permission android:name="android.permission.WAKE_LOCK" />
69-->[:firebase_analytics] AndroidManifest.xml:9:5-68
69-->[:firebase_analytics] AndroidManifest.xml:9:22-65
70    <uses-permission android:name="com.android.vending.BILLING" />
70-->[com.android.billingclient:billing:8.0.0] AndroidManifest.xml:10:5-67
70-->[com.android.billingclient:billing:8.0.0] AndroidManifest.xml:10:22-64
71    <uses-permission android:name="com.google.android.finsky.permission.BIND_GET_INSTALL_REFERRER_SERVICE" />
71-->[com.google.android.gms:play-services-measurement:23.2.0] AndroidManifest.xml:26:5-110
71-->[com.google.android.gms:play-services-measurement:23.2.0] AndroidManifest.xml:26:22-107
72    <uses-permission android:name="com.google.android.gms.permission.AD_ID" />
72-->[com.google.android.gms:play-services-measurement-impl:23.2.0] AndroidManifest.xml:27:5-79
72-->[com.google.android.gms:play-services-measurement-impl:23.2.0] AndroidManifest.xml:27:22-76
73    <uses-permission android:name="android.permission.ACCESS_ADSERVICES_AD_ID" />
73-->[com.google.android.gms:play-services-ads-api:25.3.0] AndroidManifest.xml:27:5-82
73-->[com.google.android.gms:play-services-ads-api:25.3.0] AndroidManifest.xml:27:22-79
74    <uses-permission android:name="android.permission.ACCESS_ADSERVICES_ATTRIBUTION" />
74-->[com.google.android.gms:play-services-ads-api:25.3.0] AndroidManifest.xml:28:5-88
74-->[com.google.android.gms:play-services-ads-api:25.3.0] AndroidManifest.xml:28:22-85
75    <uses-permission android:name="android.permission.ACCESS_ADSERVICES_TOPICS" />
75-->[com.google.android.gms:play-services-ads-api:25.3.0] AndroidManifest.xml:29:5-83
75-->[com.google.android.gms:play-services-ads-api:25.3.0] AndroidManifest.xml:29:22-80
76    <uses-permission android:name="android.permission.FOREGROUND_SERVICE" />
76-->[androidx.work:work-runtime:2.7.0] AndroidManifest.xml:28:5-77
76-->[androidx.work:work-runtime:2.7.0] AndroidManifest.xml:28:22-74
77
78    <permission
78-->[androidx.core:core:1.13.1] AndroidManifest.xml:22:5-24:47
79        android:name="fr.junade.hex_haven.DYNAMIC_RECEIVER_NOT_EXPORTED_PERMISSION"
79-->[androidx.core:core:1.13.1] AndroidManifest.xml:23:9-81
80        android:protectionLevel="signature" />
80-->[androidx.core:core:1.13.1] AndroidManifest.xml:24:9-44
81
82    <uses-permission android:name="fr.junade.hex_haven.DYNAMIC_RECEIVER_NOT_EXPORTED_PERMISSION" />
82-->[androidx.core:core:1.13.1] AndroidManifest.xml:26:5-97
82-->[androidx.core:core:1.13.1] AndroidManifest.xml:26:22-94
83
84    <application
85        android:name="android.app.Application"
86        android:appComponentFactory="androidx.core.app.CoreComponentFactory"
86-->[androidx.core:core:1.13.1] AndroidManifest.xml:28:18-86
87        android:debuggable="true"
88        android:extractNativeLibs="false"
89        android:icon="@mipmap/ic_launcher"
90        android:label="Hex Haven" >
91
92        <!--
93             AdMob App ID — placeholder de test fourni par Google.
94             À remplacer par le véritable App ID de production avant
95             publication (voir contexte 6 — Monétisation / debugging
96             Raccoon Bandit sur les IDs AdMob de prod).
97        -->
98        <meta-data
99            android:name="com.google.android.gms.ads.APPLICATION_ID"
100            android:value="ca-app-pub-3940256099942544~3347511713" />
101
102        <activity
103            android:name="fr.junade.hex_haven.MainActivity"
104            android:configChanges="orientation|keyboardHidden|keyboard|screenSize|smallestScreenSize|locale|layoutDirection|fontScale|screenLayout|density|uiMode"
105            android:exported="true"
106            android:hardwareAccelerated="true"
107            android:launchMode="singleTop"
108            android:taskAffinity=""
109            android:theme="@style/LaunchTheme"
110            android:windowSoftInputMode="adjustResize" >
111
112            <!--
113                 Specifies an Android theme to apply to this Activity as soon as
114                 the Android process has started. This theme is visible to the user
115                 while the Flutter UI initializes. After that, this theme continues
116                 to determine the Window background behind the Flutter UI.
117            -->
118            <meta-data
119                android:name="io.flutter.embedding.android.NormalTheme"
120                android:resource="@style/NormalTheme" />
121
122            <intent-filter>
123                <action android:name="android.intent.action.MAIN" />
124
125                <category android:name="android.intent.category.LAUNCHER" />
126            </intent-filter>
127        </activity>
128        <!--
129             Don't delete the meta-data below.
130             This is used by the Flutter tool to generate GeneratedPluginRegistrant.java
131        -->
132        <meta-data
133            android:name="flutterEmbedding"
134            android:value="2" />
135
136        <service
136-->[:firebase_analytics] AndroidManifest.xml:12:9-16:19
137            android:name="com.google.firebase.components.ComponentDiscoveryService"
137-->[:firebase_analytics] AndroidManifest.xml:12:18-89
138            android:directBootAware="true"
138-->[com.google.firebase:firebase-common:22.1.0] AndroidManifest.xml:32:13-43
139            android:exported="false" >
139-->[com.google.firebase:firebase-crashlytics:20.0.6] AndroidManifest.xml:14:13-37
140            <meta-data
140-->[:firebase_analytics] AndroidManifest.xml:13:13-15:85
141                android:name="com.google.firebase.components:io.flutter.plugins.firebase.analytics.FlutterFirebaseAppRegistrar"
141-->[:firebase_analytics] AndroidManifest.xml:14:17-128
142                android:value="com.google.firebase.components.ComponentRegistrar" />
142-->[:firebase_analytics] AndroidManifest.xml:15:17-82
143            <meta-data
143-->[:firebase_crashlytics] AndroidManifest.xml:9:13-11:85
144                android:name="com.google.firebase.components:io.flutter.plugins.firebase.crashlytics.FlutterFirebaseAppRegistrar"
144-->[:firebase_crashlytics] AndroidManifest.xml:10:17-130
145                android:value="com.google.firebase.components.ComponentRegistrar" />
145-->[:firebase_crashlytics] AndroidManifest.xml:11:17-82
146            <meta-data
146-->[:firebase_core] AndroidManifest.xml:9:13-11:85
147                android:name="com.google.firebase.components:io.flutter.plugins.firebase.core.FlutterFirebaseCoreRegistrar"
147-->[:firebase_core] AndroidManifest.xml:10:17-124
148                android:value="com.google.firebase.components.ComponentRegistrar" />
148-->[:firebase_core] AndroidManifest.xml:11:17-82
149            <meta-data
149-->[com.google.firebase:firebase-crashlytics:20.0.6] AndroidManifest.xml:15:13-17:85
150                android:name="com.google.firebase.components:com.google.firebase.crashlytics.FirebaseCrashlyticsKtxRegistrar"
150-->[com.google.firebase:firebase-crashlytics:20.0.6] AndroidManifest.xml:16:17-126
151                android:value="com.google.firebase.components.ComponentRegistrar" />
151-->[com.google.firebase:firebase-crashlytics:20.0.6] AndroidManifest.xml:17:17-82
152            <meta-data
152-->[com.google.firebase:firebase-crashlytics:20.0.6] AndroidManifest.xml:18:13-20:85
153                android:name="com.google.firebase.components:com.google.firebase.crashlytics.CrashlyticsRegistrar"
153-->[com.google.firebase:firebase-crashlytics:20.0.6] AndroidManifest.xml:19:17-115
154                android:value="com.google.firebase.components.ComponentRegistrar" />
154-->[com.google.firebase:firebase-crashlytics:20.0.6] AndroidManifest.xml:20:17-82
155            <meta-data
155-->[com.google.android.gms:play-services-measurement-api:23.2.0] AndroidManifest.xml:33:13-35:85
156                android:name="com.google.firebase.components:com.google.firebase.analytics.connector.internal.AnalyticsConnectorRegistrar"
156-->[com.google.android.gms:play-services-measurement-api:23.2.0] AndroidManifest.xml:34:17-139
157                android:value="com.google.firebase.components.ComponentRegistrar" />
157-->[com.google.android.gms:play-services-measurement-api:23.2.0] AndroidManifest.xml:35:17-82
158            <meta-data
158-->[com.google.firebase:firebase-sessions:3.0.6] AndroidManifest.xml:29:13-31:85
159                android:name="com.google.firebase.components:com.google.firebase.sessions.FirebaseSessionsRegistrar"
159-->[com.google.firebase:firebase-sessions:3.0.6] AndroidManifest.xml:30:17-117
160                android:value="com.google.firebase.components.ComponentRegistrar" />
160-->[com.google.firebase:firebase-sessions:3.0.6] AndroidManifest.xml:31:17-82
161            <meta-data
161-->[com.google.firebase:firebase-installations:19.1.1] AndroidManifest.xml:15:13-17:85
162                android:name="com.google.firebase.components:com.google.firebase.installations.FirebaseInstallationsKtxRegistrar"
162-->[com.google.firebase:firebase-installations:19.1.1] AndroidManifest.xml:16:17-130
163                android:value="com.google.firebase.components.ComponentRegistrar" />
163-->[com.google.firebase:firebase-installations:19.1.1] AndroidManifest.xml:17:17-82
164            <meta-data
164-->[com.google.firebase:firebase-installations:19.1.1] AndroidManifest.xml:18:13-20:85
165                android:name="com.google.firebase.components:com.google.firebase.installations.FirebaseInstallationsRegistrar"
165-->[com.google.firebase:firebase-installations:19.1.1] AndroidManifest.xml:19:17-127
166                android:value="com.google.firebase.components.ComponentRegistrar" />
166-->[com.google.firebase:firebase-installations:19.1.1] AndroidManifest.xml:20:17-82
167            <meta-data
167-->[com.google.firebase:firebase-common:22.1.0] AndroidManifest.xml:35:13-37:85
168                android:name="com.google.firebase.components:com.google.firebase.FirebaseCommonKtxRegistrar"
168-->[com.google.firebase:firebase-common:22.1.0] AndroidManifest.xml:36:17-109
169                android:value="com.google.firebase.components.ComponentRegistrar" />
169-->[com.google.firebase:firebase-common:22.1.0] AndroidManifest.xml:37:17-82
170            <meta-data
170-->[com.google.firebase:firebase-datatransport:19.0.0] AndroidManifest.xml:25:13-27:85
171                android:name="com.google.firebase.components:com.google.firebase.datatransport.TransportRegistrar"
171-->[com.google.firebase:firebase-datatransport:19.0.0] AndroidManifest.xml:26:17-115
172                android:value="com.google.firebase.components.ComponentRegistrar" />
172-->[com.google.firebase:firebase-datatransport:19.0.0] AndroidManifest.xml:27:17-82
173        </service>
174
175        <meta-data
175-->[:google_mobile_ads] AndroidManifest.xml:10:9-12:36
176            android:name="io.flutter.embedded_views_preview"
176-->[:google_mobile_ads] AndroidManifest.xml:11:13-61
177            android:value="true" />
177-->[:google_mobile_ads] AndroidManifest.xml:12:13-33
178
179        <provider
179-->[com.google.android.gms:play-services-games-v2:21.0.0] AndroidManifest.xml:13:9-17:38
180            android:name="com.google.android.gms.games.provider.PlayGamesInitProvider"
180-->[com.google.android.gms:play-services-games-v2:21.0.0] AndroidManifest.xml:14:13-87
181            android:authorities="fr.junade.hex_haven.playgamesinitprovider"
181-->[com.google.android.gms:play-services-games-v2:21.0.0] AndroidManifest.xml:15:13-73
182            android:exported="false"
182-->[com.google.android.gms:play-services-games-v2:21.0.0] AndroidManifest.xml:16:13-37
183            android:initOrder="99" />
183-->[com.google.android.gms:play-services-games-v2:21.0.0] AndroidManifest.xml:17:13-35
184
185        <activity
185-->[com.google.android.gms:play-services-games-v2:21.0.0] AndroidManifest.xml:19:9-22:62
186            android:name="com.google.android.gms.games.internal.v2.resolution.GamesResolutionActivity"
186-->[com.google.android.gms:play-services-games-v2:21.0.0] AndroidManifest.xml:20:13-103
187            android:exported="false"
187-->[com.google.android.gms:play-services-games-v2:21.0.0] AndroidManifest.xml:21:13-37
188            android:theme="@style/Theme.Games.Transparent" />
188-->[com.google.android.gms:play-services-games-v2:21.0.0] AndroidManifest.xml:22:13-59
189        <activity
189-->[com.google.android.gms:play-services-games-v2:21.0.0] AndroidManifest.xml:23:9-26:62
190            android:name="com.google.android.gms.games.internal.v2.appshortcuts.PlayGamesAppShortcutsActivity"
190-->[com.google.android.gms:play-services-games-v2:21.0.0] AndroidManifest.xml:24:13-111
191            android:exported="true"
191-->[com.google.android.gms:play-services-games-v2:21.0.0] AndroidManifest.xml:25:13-36
192            android:theme="@style/Theme.Games.Transparent" />
192-->[com.google.android.gms:play-services-games-v2:21.0.0] AndroidManifest.xml:26:13-59
193
194        <meta-data
194-->[com.google.android.gms:play-services-games-v2:21.0.0] AndroidManifest.xml:28:9-30:62
195            android:name="com.google.android.gms.games.version"
195-->[com.google.android.gms:play-services-games-v2:21.0.0] AndroidManifest.xml:29:13-64
196            android:value="@string/play_games_sdk_version" />
196-->[com.google.android.gms:play-services-games-v2:21.0.0] AndroidManifest.xml:30:13-59
197        <meta-data
197-->[com.android.billingclient:billing:8.0.0] AndroidManifest.xml:22:9-24:37
198            android:name="com.google.android.play.billingclient.version"
198-->[com.android.billingclient:billing:8.0.0] AndroidManifest.xml:23:13-73
199            android:value="8.0.0" />
199-->[com.android.billingclient:billing:8.0.0] AndroidManifest.xml:24:13-34
200
201        <activity
201-->[com.android.billingclient:billing:8.0.0] AndroidManifest.xml:26:9-30:75
202            android:name="com.android.billingclient.api.ProxyBillingActivity"
202-->[com.android.billingclient:billing:8.0.0] AndroidManifest.xml:27:13-78
203            android:configChanges="keyboard|keyboardHidden|screenLayout|screenSize|orientation"
203-->[com.android.billingclient:billing:8.0.0] AndroidManifest.xml:28:13-96
204            android:exported="false"
204-->[com.android.billingclient:billing:8.0.0] AndroidManifest.xml:29:13-37
205            android:theme="@android:style/Theme.Translucent.NoTitleBar" />
205-->[com.android.billingclient:billing:8.0.0] AndroidManifest.xml:30:13-72
206        <activity
206-->[com.android.billingclient:billing:8.0.0] AndroidManifest.xml:31:9-35:75
207            android:name="com.android.billingclient.api.ProxyBillingActivityV2"
207-->[com.android.billingclient:billing:8.0.0] AndroidManifest.xml:32:13-80
208            android:configChanges="keyboard|keyboardHidden|screenLayout|screenSize|orientation"
208-->[com.android.billingclient:billing:8.0.0] AndroidManifest.xml:33:13-96
209            android:exported="false"
209-->[com.android.billingclient:billing:8.0.0] AndroidManifest.xml:34:13-37
210            android:theme="@android:style/Theme.Translucent.NoTitleBar" />
210-->[com.android.billingclient:billing:8.0.0] AndroidManifest.xml:35:13-72
211
212        <receiver
212-->[com.google.android.gms:play-services-measurement:23.2.0] AndroidManifest.xml:29:9-33:20
213            android:name="com.google.android.gms.measurement.AppMeasurementReceiver"
213-->[com.google.android.gms:play-services-measurement:23.2.0] AndroidManifest.xml:30:13-85
214            android:enabled="true"
214-->[com.google.android.gms:play-services-measurement:23.2.0] AndroidManifest.xml:31:13-35
215            android:exported="false" >
215-->[com.google.android.gms:play-services-measurement:23.2.0] AndroidManifest.xml:32:13-37
216        </receiver>
217
218        <service
218-->[com.google.android.gms:play-services-measurement:23.2.0] AndroidManifest.xml:35:9-38:40
219            android:name="com.google.android.gms.measurement.AppMeasurementService"
219-->[com.google.android.gms:play-services-measurement:23.2.0] AndroidManifest.xml:36:13-84
220            android:enabled="true"
220-->[com.google.android.gms:play-services-measurement:23.2.0] AndroidManifest.xml:37:13-35
221            android:exported="false" />
221-->[com.google.android.gms:play-services-measurement:23.2.0] AndroidManifest.xml:38:13-37
222        <service
222-->[com.google.android.gms:play-services-measurement:23.2.0] AndroidManifest.xml:39:9-43:72
223            android:name="com.google.android.gms.measurement.AppMeasurementJobService"
223-->[com.google.android.gms:play-services-measurement:23.2.0] AndroidManifest.xml:40:13-87
224            android:enabled="true"
224-->[com.google.android.gms:play-services-measurement:23.2.0] AndroidManifest.xml:41:13-35
225            android:exported="false"
225-->[com.google.android.gms:play-services-measurement:23.2.0] AndroidManifest.xml:42:13-37
226            android:permission="android.permission.BIND_JOB_SERVICE" />
226-->[com.google.android.gms:play-services-measurement:23.2.0] AndroidManifest.xml:43:13-69
227
228        <activity
228-->[com.google.android.gms:play-services-base:18.5.0] AndroidManifest.xml:5:9-173
229            android:name="com.google.android.gms.common.api.GoogleApiActivity"
229-->[com.google.android.gms:play-services-base:18.5.0] AndroidManifest.xml:5:19-85
230            android:exported="false"
230-->[com.google.android.gms:play-services-base:18.5.0] AndroidManifest.xml:5:146-170
231            android:theme="@android:style/Theme.Translucent.NoTitleBar" /> <!-- Include the AdActivity and InAppPurchaseActivity configChanges and themes. -->
231-->[com.google.android.gms:play-services-base:18.5.0] AndroidManifest.xml:5:86-145
232        <activity
232-->[com.google.android.gms:play-services-ads-api:25.3.0] AndroidManifest.xml:73:9-79:43
233            android:name="com.google.android.gms.ads.AdActivity"
233-->[com.google.android.gms:play-services-ads-api:25.3.0] AndroidManifest.xml:74:13-65
234            android:configChanges="keyboard|keyboardHidden|orientation|screenLayout|uiMode|screenSize|smallestScreenSize"
234-->[com.google.android.gms:play-services-ads-api:25.3.0] AndroidManifest.xml:75:13-122
235            android:enableOnBackInvokedCallback="false"
235-->[com.google.android.gms:play-services-ads-api:25.3.0] AndroidManifest.xml:76:13-56
236            android:exported="false"
236-->[com.google.android.gms:play-services-ads-api:25.3.0] AndroidManifest.xml:77:13-37
237            android:theme="@android:style/Theme.Translucent" />
237-->[com.google.android.gms:play-services-ads-api:25.3.0] AndroidManifest.xml:78:13-61
238
239        <provider
239-->[com.google.android.gms:play-services-ads-api:25.3.0] AndroidManifest.xml:81:9-86:43
240            android:name="com.google.android.gms.ads.MobileAdsInitProvider"
240-->[com.google.android.gms:play-services-ads-api:25.3.0] AndroidManifest.xml:82:13-76
241            android:authorities="fr.junade.hex_haven.mobileadsinitprovider"
241-->[com.google.android.gms:play-services-ads-api:25.3.0] AndroidManifest.xml:83:13-73
242            android:exported="false"
242-->[com.google.android.gms:play-services-ads-api:25.3.0] AndroidManifest.xml:84:13-37
243            android:initOrder="100" />
243-->[com.google.android.gms:play-services-ads-api:25.3.0] AndroidManifest.xml:85:13-36
244
245        <service
245-->[com.google.android.gms:play-services-ads-api:25.3.0] AndroidManifest.xml:88:9-92:43
246            android:name="com.google.android.gms.ads.AdService"
246-->[com.google.android.gms:play-services-ads-api:25.3.0] AndroidManifest.xml:89:13-64
247            android:enabled="true"
247-->[com.google.android.gms:play-services-ads-api:25.3.0] AndroidManifest.xml:90:13-35
248            android:exported="false" />
248-->[com.google.android.gms:play-services-ads-api:25.3.0] AndroidManifest.xml:91:13-37
249
250        <activity
250-->[com.google.android.gms:play-services-ads-api:25.3.0] AndroidManifest.xml:94:9-98:43
251            android:name="com.google.android.gms.ads.OutOfContextTestingActivity"
251-->[com.google.android.gms:play-services-ads-api:25.3.0] AndroidManifest.xml:95:13-82
252            android:configChanges="keyboard|keyboardHidden|orientation|screenLayout|uiMode|screenSize|smallestScreenSize"
252-->[com.google.android.gms:play-services-ads-api:25.3.0] AndroidManifest.xml:96:13-122
253            android:exported="false" />
253-->[com.google.android.gms:play-services-ads-api:25.3.0] AndroidManifest.xml:97:13-37
254        <activity
254-->[com.google.android.gms:play-services-ads-api:25.3.0] AndroidManifest.xml:99:9-106:43
255            android:name="com.google.android.gms.ads.NotificationHandlerActivity"
255-->[com.google.android.gms:play-services-ads-api:25.3.0] AndroidManifest.xml:100:13-82
256            android:excludeFromRecents="true"
256-->[com.google.android.gms:play-services-ads-api:25.3.0] AndroidManifest.xml:101:13-46
257            android:exported="false"
257-->[com.google.android.gms:play-services-ads-api:25.3.0] AndroidManifest.xml:102:13-37
258            android:launchMode="singleTask"
258-->[com.google.android.gms:play-services-ads-api:25.3.0] AndroidManifest.xml:103:13-44
259            android:taskAffinity=""
259-->[com.google.android.gms:play-services-ads-api:25.3.0] AndroidManifest.xml:104:13-36
260            android:theme="@android:style/Theme.Translucent.NoTitleBar" />
260-->[com.google.android.gms:play-services-ads-api:25.3.0] AndroidManifest.xml:105:13-72
261
262        <meta-data
262-->[com.google.android.gms:play-services-ads-api:25.3.0] AndroidManifest.xml:108:9-110:36
263            android:name="com.google.android.gms.ads.flag.OPTIMIZE_AD_LOADING"
263-->[com.google.android.gms:play-services-ads-api:25.3.0] AndroidManifest.xml:109:13-79
264            android:value="true" />
264-->[com.google.android.gms:play-services-ads-api:25.3.0] AndroidManifest.xml:110:13-33
265        <meta-data
265-->[com.google.android.gms:play-services-ads-api:25.3.0] AndroidManifest.xml:111:9-113:36
266            android:name="com.google.android.gms.ads.flag.OPTIMIZE_INITIALIZATION"
266-->[com.google.android.gms:play-services-ads-api:25.3.0] AndroidManifest.xml:112:13-83
267            android:value="true" />
267-->[com.google.android.gms:play-services-ads-api:25.3.0] AndroidManifest.xml:113:13-33
268
269        <service
269-->[com.google.firebase:firebase-sessions:3.0.6] AndroidManifest.xml:22:9-25:40
270            android:name="com.google.firebase.sessions.SessionLifecycleService"
270-->[com.google.firebase:firebase-sessions:3.0.6] AndroidManifest.xml:23:13-80
271            android:enabled="false"
271-->[com.google.firebase:firebase-sessions:3.0.6] AndroidManifest.xml:24:13-36
272            android:exported="false" />
272-->[com.google.firebase:firebase-sessions:3.0.6] AndroidManifest.xml:25:13-37
273
274        <provider
274-->[com.google.firebase:firebase-common:22.1.0] AndroidManifest.xml:23:9-28:39
275            android:name="com.google.firebase.provider.FirebaseInitProvider"
275-->[com.google.firebase:firebase-common:22.1.0] AndroidManifest.xml:24:13-77
276            android:authorities="fr.junade.hex_haven.firebaseinitprovider"
276-->[com.google.firebase:firebase-common:22.1.0] AndroidManifest.xml:25:13-72
277            android:directBootAware="true"
277-->[com.google.firebase:firebase-common:22.1.0] AndroidManifest.xml:26:13-43
278            android:exported="false"
278-->[com.google.firebase:firebase-common:22.1.0] AndroidManifest.xml:27:13-37
279            android:initOrder="100" />
279-->[com.google.firebase:firebase-common:22.1.0] AndroidManifest.xml:28:13-36
280
281        <uses-library
281-->[androidx.window:window:1.2.0] AndroidManifest.xml:23:9-25:40
282            android:name="androidx.window.extensions"
282-->[androidx.window:window:1.2.0] AndroidManifest.xml:24:13-54
283            android:required="false" />
283-->[androidx.window:window:1.2.0] AndroidManifest.xml:25:13-37
284        <uses-library
284-->[androidx.window:window:1.2.0] AndroidManifest.xml:26:9-28:40
285            android:name="androidx.window.sidecar"
285-->[androidx.window:window:1.2.0] AndroidManifest.xml:27:13-51
286            android:required="false" />